TN:
SF:/home/gio/Documents/Projects/crabul/src/deck.rs
FN:16,Card::get_value
FN:22,Card::get_score
FN:37,<impl Default for Deck>::default
FN:43,Deck::new
FN:62,Deck::draw
FN:69,Deck::discard
FN:73,Deck::get_last_discarded
FN:78,testing_deck
FNF:8
FNDA:3,Card::get_value
FNDA:1,Card::get_score
FNDA:0,<impl Default for Deck>::default
FNDA:6,Deck::new
FNDA:5,Deck::draw
FNDA:1,Deck::discard
FNDA:3,Deck::get_last_discarded
FNDA:3,testing_deck
DA:16,3
DA:17,8
DA:18,9
DA:19,0
DA:22,1
DA:23,6
DA:24,2
DA:25,2
DA:26,6
DA:37,0
DA:38,0
DA:43,6
DA:44,6
DA:45,18
DA:46,6
DA:47,6
DA:48,29
DA:49,29
DA:52,29
DA:53,29
DA:55,29
DA:58,29
DA:62,5
DA:63,5
DA:64,0
DA:66,5
DA:69,1
DA:70,1
DA:73,3
DA:74,3
DA:78,3
DA:81,3
LF:32
LH:28
end_of_record
TN:
SF:/home/gio/Documents/Projects/crabul/src/main.rs
FN:16,new_room
FN:41,join_room
FN:78,main
FNF:3
FNDA:0,new_room
FNDA:0,join_room
FNDA:0,main
DA:16,0
DA:22,0
DA:23,0
DA:25,0
DA:27,0
DA:28,0
DA:29,0
DA:30,0
DA:33,0
DA:35,0
DA:37,0
DA:41,0
DA:48,0
DA:49,0
DA:51,0
DA:53,0
DA:54,0
DA:55,0
DA:56,0
DA:57,0
DA:60,0
DA:62,0
DA:63,0
DA:64,0
DA:67,0
DA:68,0
DA:69,0
DA:73,0
DA:78,0
DA:80,0
DA:82,0
DA:83,0
DA:84,0
DA:88,0
DA:90,0
LF:35
LH:0
end_of_record
TN:
SF:/home/gio/Documents/Projects/crabul/src/room.rs
FN:195,RoomServer::new
FN:214,RoomServer::start
FN:236,RoomServer::run
FN:346,RoomServer::start_game
FN:366,RoomServer::deal_cards_and_peek
FN:379,RoomServer::new_player
FN:424,RoomServer::remove_player
FN:434,RoomServer::set_player_ready
FN:449,RoomServer::go_crabul
FN:460,RoomServer::next_turn
FN:484,RoomServer::finalize_game
FN:509,RoomServer::draw_card
FN:525,RoomServer::swap_card
FN:543,RoomServer::discard_card
FN:563,RoomServer::peek_own_card
FN:583,RoomServer::peek_other_card
FN:615,RoomServer::blind_swap
FN:642,RoomServer::check_and_swap_stage1
FN:677,RoomServer::check_and_swap_stage2
FN:707,RoomServer::throw_same_card
FN:775,RoomServer::select_card_to_give_away
FN:814,RoomServer::give_penalty
FN:838,RoomServer::force_end_turn
FN:870,RoomServer::discard_power
FN:906,RoomServer::auto_discard_drawn_card
FN:918,RoomServer::swap_players_card
FN:942,RoomServer::validate_idx_card
FN:950,RoomServer::validate_player_turn
FN:961,RoomServer::validate_crabul_player
FN:970,RoomServer::match_power
FN:984,RoomServer::send_to_player
FN:989,RoomServer::send_all_players
FN:995,RoomServer::peeking_phase_countdown
FN:1000,RoomServer::turn_countdown
FNF:34
FNDA:12,RoomServer::new
FNDA:11,RoomServer::start
FNDA:36,RoomServer::run
FNDA:9,RoomServer::start_game
FNDA:8,RoomServer::deal_cards_and_peek
FNDA:11,RoomServer::new_player
FNDA:1,RoomServer::remove_player
FNDA:2,RoomServer::set_player_ready
FNDA:2,RoomServer::go_crabul
FNDA:2,RoomServer::next_turn
FNDA:2,RoomServer::finalize_game
FNDA:2,RoomServer::draw_card
FNDA:1,RoomServer::swap_card
FNDA:2,RoomServer::discard_card
FNDA:1,RoomServer::peek_own_card
FNDA:1,RoomServer::peek_other_card
FNDA:1,RoomServer::blind_swap
FNDA:1,RoomServer::check_and_swap_stage1
FNDA:2,RoomServer::check_and_swap_stage2
FNDA:3,RoomServer::throw_same_card
FNDA:1,RoomServer::select_card_to_give_away
FNDA:1,RoomServer::give_penalty
FNDA:3,RoomServer::force_end_turn
FNDA:2,RoomServer::discard_power
FNDA:3,RoomServer::auto_discard_drawn_card
FNDA:1,RoomServer::swap_players_card
FNDA:3,RoomServer::validate_idx_card
FNDA:1,RoomServer::validate_player_turn
FNDA:1,RoomServer::validate_crabul_player
FNDA:2,RoomServer::match_power
FNDA:5,RoomServer::send_to_player
FNDA:2,RoomServer::send_all_players
FNDA:30,RoomServer::peeking_phase_countdown
FNDA:6,RoomServer::turn_countdown
DA:195,12
DA:196,12
DA:199,24
DA:200,12
DA:202,12
DA:203,12
DA:207,12
DA:211,12
DA:214,11
DA:215,11
DA:217,22
DA:220,11
DA:222,11
DA:223,11
DA:227,11
DA:231,11
DA:233,11
DA:236,36
DA:237,70
DA:238,18
DA:239,11
DA:240,11
DA:241,11
DA:243,1
DA:244,2
DA:245,1
DA:247,9
DA:248,10
DA:249,1
DA:251,2
DA:252,5
DA:253,1
DA:255,2
DA:256,0
DA:257,0
DA:258,0
DA:260,4
DA:261,12
DA:262,4
DA:264,4
DA:269,10
DA:270,3
DA:272,2
DA:273,5
DA:274,1
DA:276,1
DA:281,3
DA:282,1
DA:284,1
DA:290,4
DA:291,1
DA:293,1
DA:300,4
DA:301,1
DA:303,1
DA:309,4
DA:311,1
DA:313,2
DA:318,5
DA:319,1
DA:321,1
DA:327,4
DA:328,1
DA:330,0
DA:335,0
DA:336,0
DA:339,3
DA:340,6
DA:346,9
DA:347,9
DA:348,1
DA:351,9
DA:352,1
DA:355,24
DA:356,8
DA:359,10
DA:361,8
DA:363,1
DA:366,8
DA:367,24
DA:368,8
DA:369,8
DA:371,11
DA:372,8
DA:373,8
DA:376,4
DA:379,11
DA:383,22
DA:384,1
DA:387,22
DA:388,1
DA:391,42
DA:392,1
DA:395,22
DA:396,22
DA:398,21
DA:400,11
DA:401,4
DA:402,11
DA:403,11
DA:409,11
DA:412,22
DA:419,11
DA:421,11
DA:424,1
DA:425,1
DA:426,1
DA:427,1
DA:430,1
DA:431,1
DA:434,2
DA:435,2
DA:436,1
DA:439,2
DA:440,1
DA:441,1
DA:442,1
DA:443,3
DA:444,1
DA:446,1
DA:449,2
DA:450,2
DA:451,1
DA:453,2
DA:454,2
DA:455,2
DA:456,2
DA:457,1
DA:460,2
DA:461,2
DA:462,2
DA:463,4
DA:464,2
DA:466,4
DA:467,2
DA:468,2
DA:473,4
DA:475,2
DA:476,2
DA:478,2
DA:480,2
DA:484,2
DA:485,8
DA:486,2
DA:487,1
DA:488,5
DA:490,2
DA:492,2
DA:493,8
DA:494,2
DA:495,2
DA:497,4
DA:498,0
DA:501,2
DA:502,2
DA:503,2
DA:505,2
DA:506,2
DA:509,2
DA:510,2
DA:511,0
DA:513,5
DA:514,5
DA:516,5
DA:517,5
DA:519,5
DA:520,5
DA:522,5
DA:525,1
DA:526,1
DA:527,1
DA:528,2
DA:530,2
DA:531,1
DA:532,1
DA:533,1
DA:534,1
DA:535,1
DA:536,5
DA:537,4
DA:538,3
DA:540,0
DA:543,2
DA:544,2
DA:545,4
DA:547,2
DA:548,2
DA:549,2
DA:551,4
DA:552,1
DA:553,1
DA:554,2
DA:557,1
DA:558,1
DA:560,0
DA:563,1
DA:564,2
DA:565,2
DA:567,2
DA:568,1
DA:569,0
DA:571,1
DA:572,1
DA:573,1
DA:575,1
DA:577,1
DA:578,1
DA:579,1
DA:581,0
DA:583,1
DA:589,2
DA:590,1
DA:591,3
DA:593,2
DA:594,1
DA:595,0
DA:597,1
DA:598,1
DA:599,1
DA:602,1
DA:604,1
DA:605,1
DA:606,1
DA:608,1
DA:609,1
DA:610,1
DA:612,0
DA:615,1
DA:622,2
DA:623,2
DA:624,3
DA:626,2
DA:629,1
DA:631,1
DA:632,1
DA:633,1
DA:635,1
DA:636,1
DA:637,1
DA:639,0
DA:642,1
DA:648,2
DA:649,1
DA:650,3
DA:652,2
DA:653,1
DA:654,0
DA:656,1
DA:657,1
DA:658,1
DA:661,1
DA:663,1
DA:664,1
DA:665,1
DA:667,1
DA:668,2
DA:670,1
DA:672,1
DA:674,0
DA:677,2
DA:682,4
DA:683,2
DA:684,2
DA:687,2
DA:689,3
DA:690,3
DA:694,1
DA:697,1
DA:698,1
DA:700,1
DA:701,1
DA:702,1
DA:704,0
DA:707,3
DA:713,3
DA:715,0
DA:721,3
DA:722,1
DA:726,1
DA:727,1
DA:729,1
DA:731,6
DA:732,6
DA:733,3
DA:734,3
DA:735,6
DA:741,3
DA:746,3
DA:747,3
DA:749,3
DA:750,3
DA:751,4
DA:752,2
DA:756,1
DA:760,1
DA:764,1
DA:765,1
DA:770,2
DA:775,1
DA:780,2
DA:781,1
DA:782,1
DA:783,1
DA:784,1
DA:787,1
DA:788,0
DA:791,3
DA:793,2
DA:799,2
DA:805,1
DA:807,1
DA:808,1
DA:809,1
DA:811,0
DA:814,1
DA:829,1
DA:830,1
DA:831,2
DA:838,3
DA:839,3
DA:842,3
DA:845,3
DA:846,3
DA:847,3
DA:848,3
DA:849,3
DA:850,3
DA:852,0
DA:853,0
DA:854,0
DA:855,0
DA:857,0
DA:858,0
DA:859,0
DA:860,0
DA:861,0
DA:865,0
DA:870,2
DA:871,2
DA:876,1
DA:877,1
DA:880,1
DA:881,3
DA:884,2
DA:887,1
DA:888,1
DA:890,1
DA:892,1
DA:901,1
DA:906,3
DA:907,3
DA:908,3
DA:909,3
DA:911,3
DA:912,1
DA:915,1
DA:918,1
DA:925,1
DA:926,2
DA:928,3
DA:931,4
DA:932,2
DA:936,4
DA:937,2
DA:939,2
DA:942,3
DA:943,6
DA:944,3
DA:945,0
DA:947,3
DA:950,1
DA:955,1
DA:956,0
DA:958,1
DA:961,1
DA:962,1
DA:963,1
DA:964,1
DA:967,1
DA:970,2
DA:971,7
DA:972,6
DA:973,3
DA:974,1
DA:975,0
DA:976,1
DA:977,0
DA:980,0
DA:984,5
DA:985,10
DA:986,5
DA:989,2
DA:990,13
DA:991,7
DA:995,30
DA:996,21
DA:997,4
DA:1000,6
DA:1001,8
DA:1002,3
LF:400
LH:364
end_of_record
TN:
SF:/home/gio/Documents/Projects/crabul/src/room_commander.rs
FN:17,RoomCommander::new
FN:20,RoomCommander::new_player
FN:30,RoomCommander::remove_player
FN:40,RoomCommander::start_game
FN:47,RoomCommander::set_player_ready
FN:57,RoomCommander::go_crabul
FN:67,RoomCommander::draw_card
FN:77,RoomCommander::swap_card
FN:88,RoomCommander::discard_card
FN:98,RoomCommander::peek_own_card
FN:110,RoomCommander::peek_other_card
FN:128,RoomCommander::blind_swap
FN:148,RoomCommander::check_and_swap_stage1
FN:165,RoomCommander::check_and_swap_stage2
FN:181,RoomCommander::throw_same_card
FN:199,RoomCommander::select_card_to_give_away
FNF:16
FNDA:18,RoomCommander::new
FNDA:11,RoomCommander::new_player
FNDA:4,RoomCommander::remove_player
FNDA:12,RoomCommander::start_game
FNDA:4,RoomCommander::set_player_ready
FNDA:0,RoomCommander::go_crabul
FNDA:6,RoomCommander::draw_card
FNDA:16,RoomCommander::swap_card
FNDA:8,RoomCommander::discard_card
FNDA:4,RoomCommander::peek_own_card
FNDA:1,RoomCommander::peek_other_card
FNDA:1,RoomCommander::blind_swap
FNDA:1,RoomCommander::check_and_swap_stage1
FNDA:2,RoomCommander::check_and_swap_stage2
FNDA:1,RoomCommander::throw_same_card
FNDA:0,RoomCommander::select_card_to_give_away
DA:17,18
DA:20,11
DA:24,22
DA:25,11
DA:26,11
DA:28,36
DA:30,4
DA:31,2
DA:32,1
DA:33,1
DA:35,1
DA:38,2
DA:40,12
DA:41,9
DA:42,6
DA:43,4
DA:45,19
DA:47,4
DA:48,2
DA:49,2
DA:50,2
DA:52,2
DA:55,5
DA:57,0
DA:58,0
DA:59,0
DA:60,0
DA:62,0
DA:65,0
DA:67,6
DA:68,6
DA:69,3
DA:70,3
DA:72,3
DA:75,11
DA:77,16
DA:78,8
DA:79,4
DA:80,4
DA:83,4
DA:86,10
DA:88,8
DA:89,4
DA:90,2
DA:91,2
DA:93,2
DA:96,5
DA:98,4
DA:99,2
DA:100,1
DA:101,1
DA:104,1
DA:107,3
DA:110,1
DA:116,2
DA:117,1
DA:118,1
DA:122,1
DA:125,3
DA:128,1
DA:135,2
DA:136,1
DA:137,1
DA:142,1
DA:145,3
DA:148,1
DA:154,2
DA:155,1
DA:156,1
DA:160,1
DA:163,3
DA:165,2
DA:170,4
DA:171,2
DA:172,2
DA:175,2
DA:178,6
DA:181,1
DA:187,2
DA:188,1
DA:189,1
DA:193,1
DA:196,3
DA:199,0
DA:204,0
DA:205,0
DA:206,0
DA:209,0
DA:212,0
LF:89
LH:77
end_of_record
TN:
SF:/home/gio/Documents/Projects/crabul/src/server.rs
FN:38,ServerCommander::new_room
FN:45,ServerCommander::join_room
FN:61,Server::new
FN:72,Server::run
FN:90,Server::new_room
FN:102,Server::destroy_room
FN:106,Server::join_room
FN:114,Server::remove_room
FNF:8
FNDA:4,ServerCommander::new_room
FNDA:4,ServerCommander::join_room
FNDA:1,Server::new
FNDA:4,Server::run
FNDA:1,Server::new_room
FNDA:1,Server::destroy_room
FNDA:1,Server::join_room
FNDA:1,Server::remove_room
DA:37,0
DA:38,4
DA:39,2
DA:40,1
DA:41,1
DA:43,3
DA:45,4
DA:46,2
DA:47,1
DA:48,1
DA:50,3
DA:61,1
DA:62,1
DA:64,2
DA:65,2
DA:66,2
DA:67,2
DA:69,2
DA:72,4
DA:73,6
DA:74,1
DA:75,1
DA:76,2
DA:77,1
DA:79,1
DA:80,3
DA:81,1
DA:83,1
DA:84,3
DA:88,0
DA:90,1
DA:91,1
DA:92,2
DA:93,2
DA:94,1
DA:96,1
DA:99,1
DA:102,1
DA:103,1
DA:106,1
DA:107,2
DA:110,1
DA:111,0
DA:114,1
DA:119,3
DA:120,1
LF:46
LH:43
end_of_record
TN:
SF:/home/gio/Documents/Projects/crabul/src/ws_client.rs
FN:22,WsClient::new
FN:38,WsClient::run
FN:145,WsClient::swap
FN:157,WsClient::pow1
FN:170,WsClient::pow2
FN:185,WsClient::pow3
FN:207,WsClient::pow4_1
FN:222,WsClient::pow4_2
FN:238,WsClient::throw
FN:253,WsClient::throw_2
FN:268,WsClient::parse_command
FNF:11
FNDA:0,WsClient::new
FNDA:0,WsClient::run
FNDA:0,WsClient::swap
FNDA:0,WsClient::pow1
FNDA:0,WsClient::pow2
FNDA:0,WsClient::pow3
FNDA:0,WsClient::pow4_1
FNDA:0,WsClient::pow4_2
FNDA:0,WsClient::throw
FNDA:0,WsClient::throw_2
FNDA:0,WsClient::parse_command
DA:22,0
DA:38,0
DA:39,0
DA:40,0
DA:41,0
DA:42,0
DA:43,0
DA:44,0
DA:45,0
DA:46,0
DA:49,0
DA:50,0
DA:51,0
DA:53,0
DA:54,0
DA:55,0
DA:56,0
DA:57,0
DA:58,0
DA:60,0
DA:61,0
DA:64,0
DA:66,0
DA:68,0
DA:69,0
DA:72,0
DA:74,0
DA:76,0
DA:77,0
DA:80,0
DA:82,0
DA:84,0
DA:85,0
DA:88,0
DA:90,0
DA:92,0
DA:93,0
DA:96,0
DA:98,0
DA:100,0
DA:101,0
DA:104,0
DA:106,0
DA:108,0
DA:109,0
DA:112,0
DA:114,0
DA:116,0
DA:117,0
DA:120,0
DA:123,0
DA:124,0
DA:127,0
DA:128,0
DA:129,0
DA:130,0
DA:135,0
DA:145,0
DA:150,0
DA:151,0
DA:152,0
DA:155,0
DA:157,0
DA:162,0
DA:163,0
DA:164,0
DA:167,0
DA:170,0
DA:175,0
DA:176,0
DA:177,0
DA:178,0
DA:179,0
DA:182,0
DA:185,0
DA:190,0
DA:191,0
DA:194,0
DA:197,0
DA:199,0
DA:201,0
DA:204,0
DA:207,0
DA:212,0
DA:213,0
DA:214,0
DA:215,0
DA:216,0
DA:219,0
DA:222,0
DA:227,0
DA:228,0
DA:229,0
DA:230,0
DA:231,0
DA:233,0
DA:236,0
DA:238,0
DA:243,0
DA:244,0
DA:245,0
DA:246,0
DA:247,0
DA:250,0
DA:253,0
DA:258,0
DA:259,0
DA:260,0
DA:261,0
DA:262,0
DA:265,0
DA:268,0
DA:269,0
DA:272,0
LF:114
LH:0
end_of_record
