TN:
SF:/home/gio/Documents/Projects/crabul/src/deck.rs
FN:15,Card::get_value
FN:21,Card::get_score
FN:36,<impl Default for Deck>::default
FN:42,Deck::new
FN:61,Deck::draw
FN:68,Deck::discard
FN:72,Deck::get_last_discarded
FNF:7
FNDA:3,Card::get_value
FNDA:2,Card::get_score
FNDA:0,<impl Default for Deck>::default
FNDA:9,Deck::new
FNDA:2,Deck::draw
FNDA:1,Deck::discard
FNDA:3,Deck::get_last_discarded
DA:15,3
DA:16,8
DA:17,9
DA:18,0
DA:21,2
DA:22,6
DA:23,2
DA:24,2
DA:25,6
DA:36,0
DA:37,0
DA:42,9
DA:43,9
DA:44,27
DA:45,9
DA:46,9
DA:47,31
DA:48,31
DA:51,31
DA:52,31
DA:54,31
DA:57,31
DA:61,2
DA:62,2
DA:63,0
DA:65,2
DA:68,1
DA:69,1
DA:72,3
DA:73,3
LF:30
LH:26
end_of_record
TN:
SF:/home/gio/Documents/Projects/crabul/src/main.rs
FN:1,main
FNF:1
FNDA:1,main
DA:1,1
DA:2,0
LF:2
LH:1
end_of_record
TN:
SF:/home/gio/Documents/Projects/crabul/src/room.rs
FN:188,RoomServer::new
FN:207,RoomServer::start
FN:228,RoomServer::run
FN:335,RoomServer::start_game
FN:355,RoomServer::deal_cards_and_peek
FN:368,RoomServer::new_player
FN:408,RoomServer::remove_player
FN:416,RoomServer::set_player_ready
FN:431,RoomServer::go_crabul
FN:442,RoomServer::next_turn
FN:461,RoomServer::finalize_game
FN:486,RoomServer::draw_card
FN:502,RoomServer::swap_card
FN:520,RoomServer::discard_card
FN:540,RoomServer::peek_own_card
FN:560,RoomServer::peek_other_card
FN:592,RoomServer::blind_swap
FN:619,RoomServer::check_and_swap_stage1
FN:654,RoomServer::check_and_swap_stage2
FN:684,RoomServer::throw_same_card
FN:752,RoomServer::select_card_to_give_away
FN:791,RoomServer::give_penalty
FN:815,RoomServer::swap_players_card
FN:839,RoomServer::validate_idx_card
FN:847,RoomServer::validate_player_turn
FN:858,RoomServer::validate_crabul_player
FN:867,RoomServer::match_power
FN:881,RoomServer::send_to_player
FN:886,RoomServer::send_all_players
FN:892,RoomServer::peeking_phase_countdown
FNF:30
FNDA:8,RoomServer::new
FNDA:14,RoomServer::start
FNDA:50,RoomServer::run
FNDA:9,RoomServer::start_game
FNDA:8,RoomServer::deal_cards_and_peek
FNDA:14,RoomServer::new_player
FNDA:1,RoomServer::remove_player
FNDA:2,RoomServer::set_player_ready
FNDA:2,RoomServer::go_crabul
FNDA:2,RoomServer::next_turn
FNDA:2,RoomServer::finalize_game
FNDA:2,RoomServer::draw_card
FNDA:1,RoomServer::swap_card
FNDA:2,RoomServer::discard_card
FNDA:1,RoomServer::peek_own_card
FNDA:1,RoomServer::peek_other_card
FNDA:1,RoomServer::blind_swap
FNDA:1,RoomServer::check_and_swap_stage1
FNDA:2,RoomServer::check_and_swap_stage2
FNDA:3,RoomServer::throw_same_card
FNDA:1,RoomServer::select_card_to_give_away
FNDA:1,RoomServer::give_penalty
FNDA:1,RoomServer::swap_players_card
FNDA:3,RoomServer::validate_idx_card
FNDA:1,RoomServer::validate_player_turn
FNDA:1,RoomServer::validate_crabul_player
FNDA:2,RoomServer::match_power
FNDA:2,RoomServer::send_to_player
FNDA:2,RoomServer::send_all_players
FNDA:23,RoomServer::peeking_phase_countdown
DA:188,8
DA:189,8
DA:192,16
DA:193,8
DA:195,8
DA:196,8
DA:200,8
DA:204,8
DA:207,14
DA:208,14
DA:211,28
DA:212,14
DA:214,14
DA:215,14
DA:219,14
DA:223,14
DA:225,14
DA:228,50
DA:229,99
DA:230,23
DA:231,14
DA:232,14
DA:233,14
DA:235,1
DA:236,2
DA:237,1
DA:239,9
DA:240,10
DA:241,1
DA:243,2
DA:244,5
DA:245,1
DA:247,2
DA:248,0
DA:249,0
DA:250,0
DA:252,4
DA:253,12
DA:254,4
DA:256,1
DA:261,6
DA:262,4
DA:264,2
DA:265,5
DA:266,1
DA:268,1
DA:273,3
DA:274,1
DA:276,1
DA:282,4
DA:283,1
DA:285,1
DA:292,4
DA:293,1
DA:295,1
DA:301,4
DA:303,1
DA:305,2
DA:310,5
DA:311,1
DA:313,1
DA:319,4
DA:320,1
DA:322,0
DA:327,0
DA:328,0
DA:335,9
DA:336,9
DA:337,1
DA:340,9
DA:341,1
DA:344,24
DA:345,8
DA:348,10
DA:350,8
DA:352,8
DA:355,8
DA:356,19
DA:357,8
DA:358,8
DA:360,16
DA:361,8
DA:362,8
DA:365,8
DA:368,14
DA:372,28
DA:373,1
DA:376,28
DA:377,1
DA:380,48
DA:381,1
DA:384,28
DA:385,25
DA:387,24
DA:389,14
DA:390,14
DA:391,14
DA:392,11
DA:398,14
DA:403,14
DA:405,14
DA:408,1
DA:409,1
DA:411,1
DA:413,1
DA:416,2
DA:417,2
DA:418,1
DA:421,2
DA:422,1
DA:423,1
DA:424,1
DA:425,3
DA:426,1
DA:428,1
DA:431,2
DA:432,2
DA:433,1
DA:435,2
DA:436,2
DA:437,2
DA:438,2
DA:439,2
DA:442,2
DA:443,2
DA:444,2
DA:445,4
DA:446,2
DA:448,4
DA:449,2
DA:450,2
DA:455,4
DA:457,2
DA:458,2
DA:461,2
DA:462,7
DA:463,2
DA:464,2
DA:465,5
DA:467,2
DA:469,2
DA:470,8
DA:471,2
DA:472,1
DA:474,4
DA:475,0
DA:478,2
DA:479,2
DA:480,2
DA:482,2
DA:483,2
DA:486,2
DA:487,2
DA:488,0
DA:490,2
DA:491,2
DA:493,2
DA:494,2
DA:496,2
DA:497,2
DA:499,2
DA:502,1
DA:503,1
DA:504,1
DA:505,2
DA:507,2
DA:508,1
DA:509,1
DA:510,1
DA:511,1
DA:512,1
DA:513,1
DA:514,2
DA:515,4
DA:517,0
DA:520,2
DA:521,2
DA:522,4
DA:524,2
DA:525,2
DA:526,2
DA:528,4
DA:529,1
DA:530,1
DA:531,2
DA:534,1
DA:535,1
DA:537,0
DA:540,1
DA:541,2
DA:542,2
DA:544,2
DA:545,1
DA:546,0
DA:548,1
DA:549,1
DA:550,1
DA:552,1
DA:554,1
DA:555,1
DA:556,1
DA:558,0
DA:560,1
DA:566,2
DA:567,1
DA:568,3
DA:570,2
DA:571,1
DA:572,0
DA:574,1
DA:575,1
DA:576,1
DA:579,1
DA:581,1
DA:582,1
DA:583,1
DA:585,1
DA:586,1
DA:587,1
DA:589,0
DA:592,1
DA:599,2
DA:600,2
DA:601,3
DA:603,2
DA:606,1
DA:608,1
DA:609,1
DA:610,1
DA:612,1
DA:613,1
DA:614,1
DA:616,0
DA:619,1
DA:625,3
DA:626,2
DA:627,4
DA:629,2
DA:630,1
DA:631,0
DA:633,1
DA:634,1
DA:635,1
DA:638,1
DA:640,1
DA:641,1
DA:642,1
DA:644,1
DA:645,2
DA:647,1
DA:649,1
DA:651,0
DA:654,2
DA:659,4
DA:660,2
DA:661,2
DA:664,2
DA:666,3
DA:667,3
DA:671,1
DA:674,1
DA:675,1
DA:677,1
DA:678,1
DA:679,1
DA:681,0
DA:684,3
DA:690,3
DA:692,0
DA:698,3
DA:699,1
DA:703,1
DA:704,1
DA:706,1
DA:708,6
DA:709,6
DA:710,3
DA:711,3
DA:712,6
DA:718,3
DA:723,3
DA:724,3
DA:726,3
DA:727,3
DA:728,4
DA:729,2
DA:733,1
DA:737,1
DA:741,1
DA:742,1
DA:747,2
DA:752,1
DA:757,1
DA:758,1
DA:759,1
DA:760,1
DA:761,1
DA:764,1
DA:765,0
DA:768,3
DA:770,2
DA:776,2
DA:782,1
DA:784,1
DA:785,1
DA:786,1
DA:788,0
DA:791,1
DA:806,1
DA:807,1
DA:808,2
DA:815,1
DA:822,1
DA:823,2
DA:825,2
DA:828,4
DA:829,2
DA:833,4
DA:834,2
DA:836,2
DA:839,3
DA:840,6
DA:841,3
DA:842,0
DA:844,3
DA:847,1
DA:852,1
DA:853,0
DA:855,1
DA:858,1
DA:859,1
DA:860,1
DA:861,1
DA:864,1
DA:867,2
DA:868,4
DA:869,3
DA:870,3
DA:871,1
DA:872,0
DA:873,0
DA:874,0
DA:877,0
DA:881,2
DA:882,4
DA:883,2
DA:886,2
DA:887,10
DA:888,4
DA:892,23
DA:893,21
DA:894,4
LF:352
LH:325
end_of_record
TN:
SF:/home/gio/Documents/Projects/crabul/src/room_commander.rs
FN:17,RoomCommander::new
FN:20,RoomCommander::new_player
FN:30,RoomCommander::remove_player
FN:40,RoomCommander::start_game
FN:47,RoomCommander::set_player_ready
FN:57,RoomCommander::go_crabul
FN:67,RoomCommander::draw_card
FN:77,RoomCommander::swap_card
FN:88,RoomCommander::discard_card
FN:98,RoomCommander::peek_own_card
FN:110,RoomCommander::peek_other_card
FN:128,RoomCommander::blind_swap
FN:148,RoomCommander::check_and_swap_stage1
FN:165,RoomCommander::check_and_swap_stage2
FN:181,RoomCommander::throw_same_card
FN:199,RoomCommander::select_card_to_give_away
FNF:16
FNDA:17,RoomCommander::new
FNDA:14,RoomCommander::new_player
FNDA:4,RoomCommander::remove_player
FNDA:9,RoomCommander::start_game
FNDA:4,RoomCommander::set_player_ready
FNDA:0,RoomCommander::go_crabul
FNDA:11,RoomCommander::draw_card
FNDA:4,RoomCommander::swap_card
FNDA:8,RoomCommander::discard_card
FNDA:4,RoomCommander::peek_own_card
FNDA:1,RoomCommander::peek_other_card
FNDA:1,RoomCommander::blind_swap
FNDA:1,RoomCommander::check_and_swap_stage1
FNDA:2,RoomCommander::check_and_swap_stage2
FNDA:1,RoomCommander::throw_same_card
FNDA:0,RoomCommander::select_card_to_give_away
DA:17,17
DA:20,14
DA:24,28
DA:25,14
DA:26,14
DA:28,42
DA:30,4
DA:31,2
DA:32,1
DA:33,1
DA:35,1
DA:38,2
DA:40,9
DA:41,9
DA:42,9
DA:43,4
DA:45,19
DA:47,4
DA:48,2
DA:49,2
DA:50,2
DA:52,2
DA:55,5
DA:57,0
DA:67,11
DA:68,6
DA:69,3
DA:70,3
DA:72,3
DA:75,19
DA:77,4
DA:78,2
DA:79,1
DA:80,1
DA:83,1
DA:86,6
DA:88,8
DA:89,4
DA:90,2
DA:91,2
DA:93,2
DA:96,5
DA:98,4
DA:99,2
DA:100,1
DA:101,1
DA:104,1
DA:107,3
DA:110,1
DA:116,2
DA:117,1
DA:118,1
DA:122,1
DA:125,3
DA:128,1
DA:135,2
DA:136,1
DA:137,1
DA:142,1
DA:145,3
DA:148,1
DA:154,2
DA:155,1
DA:156,1
DA:160,1
DA:163,3
DA:165,2
DA:170,4
DA:171,2
DA:172,2
DA:175,2
DA:178,6
DA:181,1
DA:187,2
DA:188,1
DA:189,1
DA:193,1
DA:196,3
DA:199,0
LF:79
LH:77
end_of_record
